<?xml version="1.0" encoding="UTF-8"?>
<!-- Generated by org.testng.reporters.JUnitReportReporter -->
<testsuite hostname="DESKTOP-VREMNUN" failures="0" tests="2" name="website.Contact" time="32.167" errors="0" timestamp="2025-04-03T17:23:34 IST" skipped="0">
  <testcase classname="website.Contact" name="basemethod" time="2.096"/>
  <testcase classname="website.Contact" name="contactMethod" time="30.071"/>
</testsuite> <!-- website.Contact -->
