<?xml version="1.0" encoding="UTF-8"?>
<!-- Generated by org.testng.reporters.JUnitReportReporter -->
<testsuite hostname="DESKTOP-VREMNUN" failures="0" tests="1" name="org.sample.mavensample.testClass" time="4.493" errors="0" timestamp="2025-01-09T11:16:18 IST" skipped="0">
  <testcase classname="org.sample.mavensample.testClass" name="testmethod" time="4.493"/>
</testsuite> <!-- org.sample.mavensample.testClass -->
