<?xml version="1.0" encoding="UTF-8"?>
<!-- Generated by org.testng.reporters.JUnitReportReporter -->
<testsuite hostname="DESKTOP-VREMNUN" failures="0" tests="2" name="website.Smarttech" time="296.851" errors="0" timestamp="2025-04-03T22:15:13 IST" skipped="0">
  <testcase classname="website.Smarttech" name="basemethod" time="1.923"/>
  <testcase classname="website.Smarttech" name="smarttechMethod" time="294.928"/>
</testsuite> <!-- website.Smarttech -->
