<?xml version="1.0" encoding="UTF-8"?>
<!-- Generated by org.testng.reporters.JUnitReportReporter -->
<testsuite hostname="DESKTOP-VREMNUN" failures="0" tests="2" name="website.Limitedpage" time="26.243" errors="0" timestamp="2025-04-03T21:40:41 IST" skipped="0">
  <testcase classname="website.Limitedpage" name="limitedMethod" time="23.690"/>
  <testcase classname="website.Limitedpage" name="basemethod" time="2.553"/>
</testsuite> <!-- website.Limitedpage -->
