<?xml version="1.0" encoding="UTF-8"?>
<!-- Generated by org.testng.reporters.JUnitReportReporter -->
<testsuite hostname="DESKTOP-VREMNUN" failures="0" tests="2" name="website.about" time="8.014" errors="0" timestamp="2025-08-17T23:47:31 IST" skipped="0">
  <testcase classname="website.about" name="basemethod" time="2.794"/>
  <testcase classname="website.about" name="aboutMethod" time="5.220"/>
</testsuite> <!-- website.about -->
