<?xml version="1.0" encoding="UTF-8"?>
<!-- Generated by org.testng.reporters.JUnitReportReporter -->
<testsuite hostname="DESKTOP-VREMNUN" failures="0" tests="2" name="website.Locations" time="134.253" errors="0" timestamp="2025-04-03T21:57:07 IST" skipped="0">
  <testcase classname="website.Locations" name="locationMethod" time="132.328"/>
  <testcase classname="website.Locations" name="basemethod" time="1.925"/>
</testsuite> <!-- website.Locations -->
