<?xml version="1.0" encoding="UTF-8"?>
<!-- Generated by org.testng.reporters.JUnitReportReporter -->
<testsuite hostname="DESKTOP-VREMNUN" failures="0" tests="2" name="website.Sighin" time="77.331" errors="0" timestamp="2025-05-19T16:18:42 IST" skipped="0">
  <testcase classname="website.Sighin" name="newsigninMethod" time="74.351"/>
  <testcase classname="website.Sighin" name="basemethod" time="2.980"/>
</testsuite> <!-- website.Sighin -->
