<?xml version="1.0" encoding="UTF-8"?>
<!-- Generated by org.testng.reporters.JUnitReportReporter -->
<testsuite hostname="DESKTOP-VREMNUN" failures="0" tests="2" name="website.Leader_board" time="9.444" errors="0" timestamp="2025-07-11T16:20:50 IST" skipped="0">
  <testcase classname="website.Leader_board" name="basemethod" time="2.065"/>
  <testcase classname="website.Leader_board" name="LeaderboardMethod" time="7.379"/>
</testsuite> <!-- website.Leader_board -->
