<?xml version="1.0" encoding="UTF-8"?>
<!-- Generated by org.testng.reporters.JUnitReportReporter -->
<testsuite hostname="DESKTOP-VREMNUN" failures="0" tests="1" name="website.Finalclass" time="1.711" errors="0" timestamp="2024-10-24T17:40:40 IST" skipped="0">
  <testcase classname="website.Finalclass" name="finalMethod" time="1.711"/>
</testsuite> <!-- website.Finalclass -->
