<?xml version="1.0" encoding="UTF-8"?>
<!-- Generated by org.testng.reporters.JUnitReportReporter -->
<testsuite hostname="DESKTOP-VREMNUN" failures="0" tests="2" name="website.Testride" time="34.179" errors="0" timestamp="2025-04-07T17:24:34 IST" skipped="0">
  <testcase classname="website.Testride" name="basemethod" time="4.945"/>
  <testcase classname="website.Testride" name="testrideMethod" time="29.234"/>
</testsuite> <!-- website.Testride -->
