<?xml version="1.0" encoding="UTF-8"?>
<!-- Generated by org.testng.reporters.JUnitReportReporter -->
<testsuite hostname="DESKTOP-VREMNUN" failures="0" tests="2" name="website.about" time="7.547" errors="0" timestamp="2025-05-19T18:16:56 IST" skipped="0">
  <testcase classname="website.about" name="basemethod" time="2.553"/>
  <testcase classname="website.about" name="aboutMethod" time="4.994"/>
</testsuite> <!-- website.about -->
