<?xml version="1.0" encoding="UTF-8"?>
<!-- Generated by org.testng.reporters.JUnitReportReporter -->
<testsuite hostname="DESKTOP-VREMNUN" failures="0" tests="1" name="website.Baseclass" time="2.617" errors="0" timestamp="2025-01-08T15:57:15 IST" skipped="0">
  <testcase classname="website.Baseclass" name="basemethod" time="2.617"/>
</testsuite> <!-- website.Baseclass -->
