<?xml version="1.0" encoding="UTF-8"?>
<!-- Generated by org.testng.reporters.JUnitReportReporter -->
<testsuite hostname="DESKTOP-VREMNUN" failures="0" tests="2" name="website.Uvracing" time="42.865" errors="0" timestamp="2025-04-03T22:19:28 IST" skipped="0">
  <testcase classname="website.Uvracing" name="basemethod" time="1.942"/>
  <testcase classname="website.Uvracing" name="uvracing" time="40.923"/>
</testsuite> <!-- website.Uvracing -->
